<?xml version="1.0" encoding="UTF-8"?>
<!-- Generated by org.testng.reporters.JUnitReportReporter -->
<testsuite skipped="0" hostname="AYALA-R-5981" name="testcases.GrafanaApiTestCases" tests="3" failures="0" timestamp="2021-12-02T13:37:20 IST" time="13.243" errors="0">
  <testcase name="test01_post" time="6.937" classname="testcases.GrafanaApiTestCases"/>
  <testcase name="test03_delete" time="3.199" classname="testcases.GrafanaApiTestCases"/>
  <testcase name="test02_update" time="3.107" classname="testcases.GrafanaApiTestCases"/>
</testsuite> <!-- testcases.GrafanaApiTestCases -->
