<?xml version="1.0" encoding="UTF-8"?>
<!-- Generated by org.testng.reporters.JUnitReportReporter -->
<testsuite skipped="0" hostname="AYALA-R-5981" name="testcases.CalculatorTestCases" tests="1" failures="0" timestamp="2021-12-02T13:36:33 IST" time="11.588" errors="0">
  <testcase name="test01_calc" time="11.588" classname="testcases.CalculatorTestCases"/>
</testsuite> <!-- testcases.CalculatorTestCases -->
