<?xml version="1.0" encoding="UTF-8"?>
<!-- Generated by org.testng.reporters.JUnitReportReporter -->
<testsuite skipped="0" hostname="Ghawi" name="testcases.GrafanaWebTestCases" tests="5" failures="0" timestamp="2021-12-01T20:37:14 IST" time="139.434" errors="0">
  <testcase name="login" time="7.053" classname="testcases.GrafanaWebTestCases"/>
  <testcase name="createNewDashboard" time="102.843" classname="testcases.GrafanaWebTestCases"/>
  <testcase name="searchDashboardNotExist" time="3.289" classname="testcases.GrafanaWebTestCases"/>
  <testcase name="homePageLogo" time="19.789" classname="testcases.GrafanaWebTestCases"/>
  <testcase name="verifyDashboardName" time="6.460" classname="testcases.GrafanaWebTestCases"/>
</testsuite> <!-- testcases.GrafanaWebTestCases -->
