<?xml version="1.0" encoding="UTF-8"?>
<!-- Generated by org.testng.reporters.JUnitReportReporter -->
<testsuite skipped="0" hostname="AYALA-R-5981" name="testcases.ToDoLIstTestCases" tests="3" failures="0" timestamp="2021-12-02T13:35:54 IST" time="36.831" errors="0">
  <testcase name="test01_create" time="14.307" classname="testcases.ToDoLIstTestCases"/>
  <testcase name="test03_delete" time="16.271" classname="testcases.ToDoLIstTestCases"/>
  <testcase name="test02_complete" time="6.253" classname="testcases.ToDoLIstTestCases"/>
</testsuite> <!-- testcases.ToDoLIstTestCases -->
