<?xml version="1.0" encoding="UTF-8"?>
<!-- Generated by org.testng.reporters.JUnitReportReporter -->
<testsuite skipped="0" hostname="AYALA-R-5981" name="testcases.GrafanaApiTestCases" tests="3" failures="0" timestamp="2021-12-03T02:06:39 IST" time="11.909" errors="0">
  <testcase name="test01_post" time="5.638" classname="testcases.GrafanaApiTestCases"/>
  <testcase name="test02_update" time="3.087" classname="testcases.GrafanaApiTestCases"/>
  <testcase name="test03_delete" time="3.184" classname="testcases.GrafanaApiTestCases"/>
</testsuite> <!-- testcases.GrafanaApiTestCases -->
