<?xml version="1.0" encoding="UTF-8"?>
<!-- Generated by org.testng.reporters.JUnitReportReporter -->
<testsuite skipped="0" hostname="AYALA-R-5981" name="testcases.GrafanaWebTestCases" tests="5" failures="0" timestamp="2021-12-02T03:57:07 IST" time="131.676" errors="1">
  <testcase name="login" time="7.940" classname="testcases.GrafanaWebTestCases"/>
  <testcase name="createNewDashboard" time="104.786" classname="testcases.GrafanaWebTestCases"/>
  <testcase name="searchDashboardNotExist" time="3.383" classname="testcases.GrafanaWebTestCases"/>
  <testcase name="homePageLogo" time="8.936" classname="testcases.GrafanaWebTestCases">
    <error type="org.sikuli.script.FindFailed" message="C:\\Automation\\Hackathon\\Sikuli\\Images/manage.png: (116x40) in R[0,0 1600x900]@S(0)">
      <![CDATA[FindFailed: C:\\Automation\\Hackathon\\Sikuli\\Images/manage.png: (116x40) in R[0,0 1600x900]@S(0)
  Line 2226, in file Region.java

at org.sikuli.script.Region.wait(Region.java:2226)
at org.sikuli.script.Region.wait(Region.java:2244)
at org.sikuli.script.Region.getLocationFromTarget(Region.java:3298)
at org.sikuli.script.Region.click(Region.java:3916)
at org.sikuli.script.Region.click(Region.java:3892)
at workflow.GrafanaWebWorkFlow.clickOnImage(GrafanaWebWorkFlow.java:63)
at testcases.GrafanaWebTestCases.homePageLogo(GrafanaWebTestCases.java:81)
at sun.reflect.NativeMethodAccessorImpl.invoke0(Native Method)
at sun.reflect.NativeMethodAccessorImpl.invoke(NativeMethodAccessorImpl.java:62)
at sun.reflect.DelegatingMethodAccessorImpl.invoke(DelegatingMethodAccessorImpl.java:43)
at java.lang.reflect.Method.invoke(Method.java:498)
at org.testng.internal.MethodInvocationHelper.invokeMethod(MethodInvocationHelper.java:133)
at org.testng.internal.TestInvoker.invokeMethod(TestInvoker.java:584)
at org.testng.internal.TestInvoker.invokeTestMethod(TestInvoker.java:172)
at org.testng.internal.MethodRunner.runInSequence(MethodRunner.java:46)
at org.testng.internal.TestInvoker$MethodInvocationAgent.invoke(TestInvoker.java:804)
at org.testng.internal.TestInvoker.invokeTestMethods(TestInvoker.java:145)
at org.testng.internal.TestMethodWorker.invokeTestMethods(TestMethodWorker.java:146)
at org.testng.internal.TestMethodWorker.run(TestMethodWorker.java:128)
at java.util.ArrayList.forEach(ArrayList.java:1249)
at org.testng.TestRunner.privateRun(TestRunner.java:770)
at org.testng.TestRunner.run(TestRunner.java:591)
at org.testng.SuiteRunner.runTest(SuiteRunner.java:402)
at org.testng.SuiteRunner.runSequentially(SuiteRunner.java:396)
at org.testng.SuiteRunner.privateRun(SuiteRunner.java:355)
at org.testng.SuiteRunner.run(SuiteRunner.java:304)
at org.testng.SuiteRunnerWorker.runSuite(SuiteRunnerWorker.java:53)
at org.testng.SuiteRunnerWorker.run(SuiteRunnerWorker.java:96)
at org.testng.TestNG.runSuitesSequentially(TestNG.java:1180)
at org.testng.TestNG.runSuitesLocally(TestNG.java:1102)
at org.testng.TestNG.runSuites(TestNG.java:1032)
at org.testng.TestNG.run(TestNG.java:1000)
at org.apache.maven.surefire.testng.TestNGExecutor.run(TestNGExecutor.java:283)
at org.apache.maven.surefire.testng.TestNGXmlTestSuite.execute(TestNGXmlTestSuite.java:75)
at org.apache.maven.surefire.testng.TestNGProvider.invoke(TestNGProvider.java:120)
at org.apache.maven.surefire.booter.ForkedBooter.invokeProviderInSameClassLoader(ForkedBooter.java:384)
at org.apache.maven.surefire.booter.ForkedBooter.runSuitesInProcess(ForkedBooter.java:345)
at org.apache.maven.surefire.booter.ForkedBooter.execute(ForkedBooter.java:126)
at org.apache.maven.surefire.booter.ForkedBooter.main(ForkedBooter.java:418)
]]>
    </error>
  </testcase> <!-- homePageLogo -->
  <testcase name="verifyDashboardName" time="6.631" classname="testcases.GrafanaWebTestCases"/>
</testsuite> <!-- testcases.GrafanaWebTestCases -->
