<?xml version="1.0" encoding="UTF-8"?>
<!-- Generated by org.testng.reporters.JUnitReportReporter -->
<testsuite skipped="0" hostname="AYALA-R-5981" name="testcases.ToDoLIstTestCases" tests="3" failures="0" timestamp="2021-12-03T01:39:08 IST" time="30.316" errors="0">
  <testcase name="test02_complete" time="3.349" classname="testcases.ToDoLIstTestCases"/>
  <testcase name="test03_delete" time="13.349" classname="testcases.ToDoLIstTestCases"/>
  <testcase name="test01_create" time="13.618" classname="testcases.ToDoLIstTestCases"/>
</testsuite> <!-- testcases.ToDoLIstTestCases -->
